[2026-03-16 07:08:39] === Vérification des cotes du jour ===
[2026-03-16 07:08:41] Attente des données…
[2026-03-16 07:08:45] 30 cote(s) Excellente(s) trouvée(s).
[2026-03-16 07:09:02] === Vérification des cotes du jour ===
[2026-03-16 07:09:04] Attente des données…
[2026-03-16 07:09:08] 30 cote(s) Excellente(s) trouvée(s).
[2026-03-16 07:09:08] [NOTIFY] NHL: 30 cotes Excellentes aujourd'hui! — • Calgary (Flames) @ Detroit (Red Wings): Detroit (Red Wings) @ 1.54 (66%)
• Pittsburgh (Penguins) @ Colorado (Avalanche): Colorado (Avalanche) @ 1.44 (66%)
• Utah (Mammoth) @ Dallas (Stars): Dallas (Stars) @ 1.64 (65%)
• Boston (Bruins) @ New Jersey (Devils): Plus de 1.5 @ 1.53 (61%)
  …et 26 autre(s)
[2026-03-16 09:00:01] === Vérification des cotes du jour ===
[2026-03-16 09:00:03] Attente des données…
[2026-03-16 09:00:07] 6 cote(s) Excellente(s) trouvée(s).
[2026-03-17 09:00:02] === Vérification des cotes du jour ===
[2026-03-17 09:00:04] Attente des données…
[2026-03-17 09:00:08] 18 cote(s) Excellente(s) trouvée(s).
[2026-03-18 09:00:01] === Vérification des cotes du jour ===
[2026-03-18 09:00:03] Attente des données…
[2026-03-18 09:00:08] 12 cote(s) Excellente(s) trouvée(s).
[2026-03-19 09:00:02] === Vérification des cotes du jour ===
[2026-03-19 09:00:04] Attente des données…
[2026-03-19 09:00:08] 22 cote(s) Excellente(s) trouvée(s).
[2026-03-21 09:00:01] === Vérification des cotes du jour ===
[2026-03-21 09:00:03] Attente des données…
[2026-03-21 09:00:07] 22 cote(s) Excellente(s) trouvée(s).
[2026-03-22 09:00:02] === Vérification des cotes du jour ===
[2026-03-22 09:00:04] Attente des données…
[2026-03-22 09:00:08] 18 cote(s) Excellente(s) trouvée(s).
[2026-03-23 09:00:01] === Vérification des cotes du jour ===
[2026-03-23 09:00:03] Attente des données…
[2026-03-23 09:00:07] 2 cote(s) Excellente(s) trouvée(s).
[2026-03-24 09:00:02] === Vérification des cotes du jour ===
[2026-03-24 09:00:04] Attente des données…
[2026-03-24 09:00:08] 30 cote(s) Excellente(s) trouvée(s).
[2026-03-25 09:00:01] === Vérification des cotes du jour ===
[2026-03-25 09:00:03] Attente des données…
[2026-03-25 09:00:08] 4 cote(s) Excellente(s) trouvée(s).
[2026-03-26 09:00:02] === Vérification des cotes du jour ===
[2026-03-26 09:00:04] Attente des données…
[2026-03-26 09:00:08] 26 cote(s) Excellente(s) trouvée(s).
[2026-03-27 09:31:44] === Vérification des cotes du jour ===
[2026-03-27 09:31:48] Démarrage du serveur Flask…
[2026-03-27 09:32:22] Serveur démarré.
[2026-03-27 09:32:22] Attente des données…
[2026-03-27 09:32:27] 4 cote(s) Excellente(s) trouvée(s).
[2026-03-28 09:00:02] === Vérification des cotes du jour ===
[2026-03-28 09:00:06] Démarrage du serveur Flask…
[2026-03-28 09:00:39] Serveur démarré.
[2026-03-28 09:00:39] Attente des données…
[2026-03-28 09:00:43] Aucune cote Excellente aujourd'hui.
[2026-03-29 09:00:01] === Vérification des cotes du jour ===
[2026-03-29 09:00:03] Attente des données…
[2026-03-29 09:00:08] 12 cote(s) Excellente(s) trouvée(s).
[2026-03-30 09:00:01] === Vérification des cotes du jour ===
[2026-03-30 09:00:03] Attente des données…
[2026-03-30 09:00:07] 10 cote(s) Excellente(s) trouvée(s).
[2026-04-01 09:00:02] === Vérification des cotes du jour ===
[2026-04-01 09:00:04] Attente des données…
[2026-04-01 09:00:58] 6 cote(s) Excellente(s) trouvée(s).
[2026-04-02 09:00:02] === Vérification des cotes du jour ===
[2026-04-02 09:00:04] Attente des données…
[2026-04-02 09:00:08] 28 cote(s) Excellente(s) trouvée(s).
[2026-04-03 09:00:02] === Vérification des cotes du jour ===
[2026-04-03 09:00:04] Attente des données…
[2026-04-03 09:00:08] 4 cote(s) Excellente(s) trouvée(s).
[2026-04-04 09:00:01] === Vérification des cotes du jour ===
[2026-04-04 09:00:03] Attente des données…
[2026-04-04 09:00:07] 30 cote(s) Excellente(s) trouvée(s).
[2026-04-05 09:07:50] === Vérification des cotes du jour ===
[2026-04-05 09:07:52] Attente des données…
[2026-04-06 09:29:38] === Vérification des cotes du jour ===
[2026-04-06 09:29:41] Démarrage du serveur Flask…
[2026-04-06 09:30:07] Serveur démarré.
[2026-04-06 09:30:07] Attente des données…
[2026-04-07 09:00:02] === Vérification des cotes du jour ===
[2026-04-07 09:00:04] Attente des données…
[2026-04-07 09:00:08] 22 cote(s) Excellente(s) trouvée(s).
[2026-04-08 09:00:02] === Vérification des cotes du jour ===
[2026-04-08 09:00:04] Attente des données…
[2026-04-08 09:00:08] 6 cote(s) Excellente(s) trouvée(s).
[2026-04-09 09:24:59] === Vérification des cotes du jour ===
[2026-04-09 09:25:01] Attente des données…
[2026-04-09 09:25:05] 28 cote(s) Excellente(s) trouvée(s).
[2026-04-10 09:00:01] === Vérification des cotes du jour ===
[2026-04-10 09:00:03] Attente des données…
[2026-04-10 09:00:08] Aucune cote Excellente aujourd'hui.
[2026-04-11 10:41:16] === Vérification des cotes du jour ===
[2026-04-11 10:41:19] Attente des données…
[2026-04-11 10:41:23] 30 cote(s) Excellente(s) trouvée(s).
[2026-04-12 10:59:35] === Vérification des cotes du jour ===
[2026-04-13 09:00:02] === Vérification des cotes du jour ===
[2026-04-13 09:00:04] Attente des données…
[2026-04-13 09:00:08] 20 cote(s) Excellente(s) trouvée(s).
[2026-04-14 09:00:01] === Vérification des cotes du jour ===
[2026-04-14 09:00:05] Démarrage du serveur Flask…
[2026-04-14 09:00:17] Serveur démarré.
[2026-04-14 09:00:17] Attente des données…
[2026-04-14 09:00:21] 16 cote(s) Excellente(s) trouvée(s).
[2026-04-15 09:00:01] === Vérification des cotes du jour ===
[2026-04-15 09:00:03] Attente des données…
[2026-04-15 09:00:07] 12 cote(s) Excellente(s) trouvée(s).
[2026-04-16 09:00:01] === Vérification des cotes du jour ===
[2026-04-16 09:00:04] Attente des données…
[2026-04-16 09:00:08] 12 cote(s) Excellente(s) trouvée(s).
[2026-04-18 09:00:01] === Vérification des cotes du jour ===
[2026-04-18 09:00:03] Attente des données…
[2026-04-18 09:00:07] 6 cote(s) Excellente(s) trouvée(s).
[2026-04-19 12:28:04] === Vérification des cotes du jour ===
[2026-04-19 12:28:09] Démarrage du serveur Flask…
[2026-04-19 12:29:05] Serveur démarré.
[2026-04-19 12:29:05] Attente des données…
[2026-04-19 12:29:11] Aucune cote Excellente aujourd'hui.
[2026-04-21 09:00:02] === Vérification des cotes du jour ===
[2026-04-21 09:00:06] Démarrage du serveur Flask…
[2026-04-21 09:00:20] Serveur démarré.
[2026-04-21 09:00:20] Attente des données…
[2026-04-21 09:00:24] 8 cote(s) Excellente(s) trouvée(s).
[2026-04-22 09:00:01] === Vérification des cotes du jour ===
[2026-04-22 09:00:03] Attente des données…
[2026-04-22 09:00:07] 6 cote(s) Excellente(s) trouvée(s).
[2026-04-23 09:00:02] === Vérification des cotes du jour ===
[2026-04-23 09:00:04] Attente des données…
[2026-04-23 09:00:08] 6 cote(s) Excellente(s) trouvée(s).
[2026-04-24 09:00:01] === Vérification des cotes du jour ===
[2026-04-24 09:00:03] Attente des données…
[2026-04-25 09:00:02] === Vérification des cotes du jour ===
[2026-04-25 09:00:04] Attente des données…
[2026-04-25 09:00:30] Aucune cote Excellente aujourd'hui.
[2026-04-27 08:46:41] === Vérification des cotes du jour ===
[2026-04-27 08:46:43] Attente des données…
[2026-04-27 09:00:02] === Vérification des cotes du jour ===
[2026-04-27 09:00:04] Attente des données…
[2026-04-27 09:00:08] Aucune cote Excellente aujourd'hui.
[2026-04-28 09:00:02] === Vérification des cotes du jour ===
[2026-04-28 09:00:04] Attente des données…
[2026-04-29 09:00:02] === Vérification des cotes du jour ===
[2026-04-29 09:00:06] Démarrage du serveur Flask…
[2026-04-29 09:03:08] Serveur non disponible après 60 s.
